g:\git仓库\计算机网络\计算机网络\debug\计算机网络.pch
g:\git仓库\计算机网络\计算机网络\debug\vc141.pdb
g:\git仓库\计算机网络\计算机网络\debug\vc141.idb
g:\git仓库\计算机网络\计算机网络\debug\pch.obj
g:\git仓库\计算机网络\计算机网络\debug\计算机网络.obj
e:\学习\大二\计算机网络\git-\计算机网络\debug\计算机网络.ilk
e:\学习\大二\计算机网络\git-\计算机网络\debug\计算机网络.exe
e:\学习\大二\计算机网络\git-\计算机网络\debug\计算机网络.pdb
g:\git仓库\计算机网络\计算机网络\debug\graph.obj
g:\git仓库\计算机网络\计算机网络\debug\vc142.idb
g:\git仓库\计算机网络\计算机网络\debug\vc142.pdb
g:\git仓库\计算机网络\debug\计算机网络.pdb
g:\git仓库\计算机网络\debug\计算机网络.exe
g:\git仓库\计算机网络\debug\计算机网络.ilk
g:\git仓库\计算机网络\计算机网络\debug\计算机网络.tlog\cl.command.1.tlog
g:\git仓库\计算机网络\计算机网络\debug\计算机网络.tlog\cl.read.1.tlog
g:\git仓库\计算机网络\计算机网络\debug\计算机网络.tlog\cl.write.1.tlog
g:\git仓库\计算机网络\计算机网络\debug\计算机网络.tlog\link.command.1.tlog
g:\git仓库\计算机网络\计算机网络\debug\计算机网络.tlog\link.read.1.tlog
g:\git仓库\计算机网络\计算机网络\debug\计算机网络.tlog\link.write.1.tlog
